<?xml version="1.0" encoding="UTF-8"?>
<testsuite xmlns:xsi="http://www.w3.org/2001/XMLSchema-instance" xsi:noNamespaceSchemaLocation="https://maven.apache.org/surefire/maven-surefire-plugin/xsd/surefire-test-report-3.0.xsd" version="3.0" name="com.bank.BankingSystemTest" time="0.118" tests="5" errors="0" skipped="0" failures="0">
  <properties>
    <property name="java.specification.version" value="17"/>
    <property name="sun.cpu.isalist" value="amd64"/>
    <property name="sun.jnu.encoding" value="Cp1252"/>
    <property name="java.class.path" value="D:\ATLAS\Banking Transaction System\ATLAS_Capstone\target\test-classes;D:\ATLAS\Banking Transaction System\ATLAS_Capstone\target\classes;C:\Users\Anupam Suvankar\.m2\repository\org\junit\jupiter\junit-jupiter\5.10.2\junit-jupiter-5.10.2.jar;C:\Users\Anupam Suvankar\.m2\repository\org\junit\jupiter\junit-jupiter-api\5.10.2\junit-jupiter-api-5.10.2.jar;C:\Users\Anupam Suvankar\.m2\repository\org\opentest4j\opentest4j\1.3.0\opentest4j-1.3.0.jar;C:\Users\Anupam Suvankar\.m2\repository\org\junit\platform\junit-platform-commons\1.10.2\junit-platform-commons-1.10.2.jar;C:\Users\Anupam Suvankar\.m2\repository\org\apiguardian\apiguardian-api\1.1.2\apiguardian-api-1.1.2.jar;C:\Users\Anupam Suvankar\.m2\repository\org\junit\jupiter\junit-jupiter-params\5.10.2\junit-jupiter-params-5.10.2.jar;C:\Users\Anupam Suvankar\.m2\repository\org\junit\jupiter\junit-jupiter-engine\5.10.2\junit-jupiter-engine-5.10.2.jar;C:\Users\Anupam Suvankar\.m2\repository\org\junit\platform\junit-platform-engine\1.10.2\junit-platform-engine-1.10.2.jar;"/>
    <property name="java.vm.vendor" value="Oracle Corporation"/>
    <property name="sun.arch.data.model" value="64"/>
    <property name="user.variant" value=""/>
    <property name="java.vendor.url" value="https://java.oracle.com/"/>
    <property name="user.timezone" value="Asia/Calcutta"/>
    <property name="os.name" value="Windows 11"/>
    <property name="java.vm.specification.version" value="17"/>
    <property name="sun.java.launcher" value="SUN_STANDARD"/>
    <property name="user.country" value="US"/>
    <property name="sun.boot.library.path" value="C:\Program Files\Java\jdk-17\bin"/>
    <property name="sun.java.command" value="C:\Users\Anupam Suvankar\AppData\Local\Temp\surefire2564620126549981828\surefirebooter-20250914124952253_3.jar C:\Users\Anupam Suvankar\AppData\Local\Temp\surefire2564620126549981828 2025-09-14T12-49-52_116-jvmRun1 surefire-20250914124952253_1tmp surefire_0-20250914124952253_2tmp"/>
    <property name="jdk.debug" value="release"/>
    <property name="surefire.test.class.path" value="D:\ATLAS\Banking Transaction System\ATLAS_Capstone\target\test-classes;D:\ATLAS\Banking Transaction System\ATLAS_Capstone\target\classes;C:\Users\Anupam Suvankar\.m2\repository\org\junit\jupiter\junit-jupiter\5.10.2\junit-jupiter-5.10.2.jar;C:\Users\Anupam Suvankar\.m2\repository\org\junit\jupiter\junit-jupiter-api\5.10.2\junit-jupiter-api-5.10.2.jar;C:\Users\Anupam Suvankar\.m2\repository\org\opentest4j\opentest4j\1.3.0\opentest4j-1.3.0.jar;C:\Users\Anupam Suvankar\.m2\repository\org\junit\platform\junit-platform-commons\1.10.2\junit-platform-commons-1.10.2.jar;C:\Users\Anupam Suvankar\.m2\repository\org\apiguardian\apiguardian-api\1.1.2\apiguardian-api-1.1.2.jar;C:\Users\Anupam Suvankar\.m2\repository\org\junit\jupiter\junit-jupiter-params\5.10.2\junit-jupiter-params-5.10.2.jar;C:\Users\Anupam Suvankar\.m2\repository\org\junit\jupiter\junit-jupiter-engine\5.10.2\junit-jupiter-engine-5.10.2.jar;C:\Users\Anupam Suvankar\.m2\repository\org\junit\platform\junit-platform-engine\1.10.2\junit-platform-engine-1.10.2.jar;"/>
    <property name="sun.cpu.endian" value="little"/>
    <property name="user.home" value="C:\Users\Anupam Suvankar"/>
    <property name="user.language" value="en"/>
    <property name="java.specification.vendor" value="Oracle Corporation"/>
    <property name="java.version.date" value="2024-07-16"/>
    <property name="java.home" value="C:\Program Files\Java\jdk-17"/>
    <property name="file.separator" value="\"/>
    <property name="basedir" value="D:\ATLAS\Banking Transaction System\ATLAS_Capstone"/>
    <property name="java.vm.compressedOopsMode" value="Zero based"/>
    <property name="line.separator" value="&#10;"/>
    <property name="java.vm.specification.vendor" value="Oracle Corporation"/>
    <property name="java.specification.name" value="Java Platform API Specification"/>
    <property name="surefire.real.class.path" value="C:\Users\Anupam Suvankar\AppData\Local\Temp\surefire2564620126549981828\surefirebooter-20250914124952253_3.jar"/>
    <property name="user.script" value=""/>
    <property name="sun.management.compiler" value="HotSpot 64-Bit Tiered Compilers"/>
    <property name="java.runtime.version" value="17.0.12+8-LTS-286"/>
    <property name="user.name" value="Anupam Suvankar"/>
    <property name="path.separator" value=";"/>
    <property name="os.version" value="10.0"/>
    <property name="java.runtime.name" value="Java(TM) SE Runtime Environment"/>
    <property name="file.encoding" value="Cp1252"/>
    <property name="java.vm.name" value="Java HotSpot(TM) 64-Bit Server VM"/>
    <property name="localRepository" value="C:\Users\Anupam Suvankar\.m2\repository"/>
    <property name="java.vendor.url.bug" value="https://bugreport.java.com/bugreport/"/>
    <property name="java.io.tmpdir" value="C:\Users\ANUPAM~1\AppData\Local\Temp\"/>
    <property name="java.version" value="17.0.12"/>
    <property name="user.dir" value="D:\ATLAS\Banking Transaction System\ATLAS_Capstone"/>
    <property name="os.arch" value="amd64"/>
    <property name="java.vm.specification.name" value="Java Virtual Machine Specification"/>
    <property name="sun.os.patch.level" value=""/>
    <property name="native.encoding" value="Cp1252"/>
    <property name="java.library.path" value="C:\Program Files\Java\jdk-17\bin;C:\WINDOWS\Sun\Java\bin;C:\WINDOWS\system32;C:\WINDOWS;C:\ProgramData\chocolatey\lib\maven\apache-maven-3.9.11\bin;C:\ProgramData\chocolatey\bin;C:\Program Files\Amazon\AWSCLIV2\;C:\Program Files\Git\cmd;C:\Program Files\Docker\Docker\resources\bin;C:\Users\Anupam Suvankar\AppData\Local\Programs\Python\Python313\Scripts\;C:\Users\Anupam Suvankar\AppData\Local\Programs\Python\Python313\;C:\Users\Anupam Suvankar\AppData\Local\Microsoft\WindowsApps;C:\Users\Anupam Suvankar\AppData\Local\Programs\Microsoft VS Code\bin;C:\Program Files\Java\jdk-17\bin;C:\Users\Anupam Suvankar\AppData\Local\spicetify;;c:\Users\Anupam Suvankar\AppData\Roaming\Code\User\globalStorage\github.copilot-chat\debugCommand;."/>
    <property name="java.vm.info" value="mixed mode, sharing"/>
    <property name="java.vendor" value="Oracle Corporation"/>
    <property name="java.vm.version" value="17.0.12+8-LTS-286"/>
    <property name="sun.io.unicode.encoding" value="UnicodeLittle"/>
    <property name="java.class.version" value="61.0"/>
  </properties>
  <testcase name="testTransferMovesFundsBetweenAccounts" classname="com.bank.BankingSystemTest" time="0.09">
    <system-out><![CDATA[AUDIT: [2025-09-14T12:49:52.736893500] Alice performed DEPOSIT | Before: 0 After: 400
AUDIT: [2025-09-14T12:49:52.737891800] Alice performed TRANSFER-DEBIT | Before: 400 After: 250
AUDIT: [2025-09-14T12:49:52.737891800] Alice performed TRANSFER-CREDIT | Before: 0 After: 150
]]></system-out>
  </testcase>
  <testcase name="testDepositIncreasesBalance" classname="com.bank.BankingSystemTest" time="0.001">
    <system-out><![CDATA[AUDIT: [2025-09-14T12:49:52.753416500] Alice performed DEPOSIT | Before: 0 After: 500
]]></system-out>
  </testcase>
  <testcase name="testWithdrawDecreasesBalance" classname="com.bank.BankingSystemTest" time="0.001">
    <system-out><![CDATA[AUDIT: [2025-09-14T12:49:52.755932200] Alice performed DEPOSIT | Before: 0 After: 300
AUDIT: [2025-09-14T12:49:52.755932200] Alice performed WITHDRAW | Before: 300 After: 200
]]></system-out>
  </testcase>
  <testcase name="testTransferFailsIfInsufficientFunds" classname="com.bank.BankingSystemTest" time="0.001">
    <system-out><![CDATA[AUDIT: [2025-09-14T12:49:52.756932400] Alice performed DEPOSIT | Before: 0 After: 100
AUDIT: [2025-09-14T12:49:52.757932600] Alice performed TRANSFER-FAILED | Before: 100 After: 100
]]></system-out>
  </testcase>
  <testcase name="testWithdrawFailsIfInsufficientFunds" classname="com.bank.BankingSystemTest" time="0.002">
    <system-out><![CDATA[AUDIT: [2025-09-14T12:49:52.758932500] Alice performed DEPOSIT | Before: 0 After: 50
AUDIT: [2025-09-14T12:49:52.758932500] Alice performed WITHDRAW-FAILED | Before: 50 After: 50
]]></system-out>
  </testcase>
</testsuite>